1646738693.706093 client started (30087): version 3.1c, socket /tmp//tmux-0/default, protocol 8
1646738693.706119 on Linux 5.13.0-30-generic #33-Ubuntu SMP Fri Feb 4 17:03:31 UTC 2022; libevent 2.1.12-stable (poll)
1646738693.706138 socket is /tmp//tmux-0/default
1646738693.706154 trying connect
1646738693.706172 connect failed: No such file or directory
1646738693.706180 lock file is /tmp//tmux-0/default.lock
1646738693.706199 flock succeeded
1646738693.706202 got lock (6)
1646738693.706206 trying connect
1646738693.706213 connect failed: No such file or directory
1646738693.708363 add peer 0x55701c4cb4d0: 7 ((nil))
1646738693.708561 sending message 100 to peer 0x55701c4cb4d0 (4 bytes)
1646738693.708574 sending message 101 to peer 0x55701c4cb4d0 (15 bytes)
1646738693.708579 sending message 102 to peer 0x55701c4cb4d0 (11 bytes)
1646738693.708582 sending message 108 to peer 0x55701c4cb4d0 (25 bytes)
1646738693.708588 sending message 104 to peer 0x55701c4cb4d0 (0 bytes)
1646738693.708593 sending message 107 to peer 0x55701c4cb4d0 (4 bytes)
1646738693.708597 sending message 105 to peer 0x55701c4cb4d0 (16 bytes)
1646738693.708601 sending message 105 to peer 0x55701c4cb4d0 (20 bytes)
1646738693.708605 sending message 105 to peer 0x55701c4cb4d0 (28 bytes)
1646738693.708608 sending message 105 to peer 0x55701c4cb4d0 (29 bytes)
1646738693.708612 sending message 105 to peer 0x55701c4cb4d0 (13 bytes)
1646738693.708616 sending message 105 to peer 0x55701c4cb4d0 (21 bytes)
1646738693.708620 sending message 105 to peer 0x55701c4cb4d0 (95 bytes)
1646738693.708624 sending message 105 to peer 0x55701c4cb4d0 (15 bytes)
1646738693.708627 sending message 105 to peer 0x55701c4cb4d0 (11 bytes)
1646738693.708631 sending message 105 to peer 0x55701c4cb4d0 (17 bytes)
1646738693.708636 sending message 105 to peer 0x55701c4cb4d0 (1519 bytes)
1646738693.708646 sending message 105 to peer 0x55701c4cb4d0 (109 bytes)
1646738693.708650 sending message 105 to peer 0x55701c4cb4d0 (55 bytes)
1646738693.708653 sending message 105 to peer 0x55701c4cb4d0 (31 bytes)
1646738693.708657 sending message 105 to peer 0x55701c4cb4d0 (34 bytes)
1646738693.708661 sending message 105 to peer 0x55701c4cb4d0 (23 bytes)
1646738693.708665 sending message 105 to peer 0x55701c4cb4d0 (20 bytes)
1646738693.708668 sending message 105 to peer 0x55701c4cb4d0 (32 bytes)
1646738693.708673 sending message 105 to peer 0x55701c4cb4d0 (10 bytes)
1646738693.708677 sending message 105 to peer 0x55701c4cb4d0 (61 bytes)
1646738693.708681 sending message 105 to peer 0x55701c4cb4d0 (8 bytes)
1646738693.708685 sending message 105 to peer 0x55701c4cb4d0 (17 bytes)
1646738693.708688 sending message 105 to peer 0x55701c4cb4d0 (28 bytes)
1646738693.708692 sending message 105 to peer 0x55701c4cb4d0 (35 bytes)
1646738693.708695 sending message 105 to peer 0x55701c4cb4d0 (126 bytes)
1646738693.708699 sending message 105 to peer 0x55701c4cb4d0 (65 bytes)
1646738693.708702 sending message 105 to peer 0x55701c4cb4d0 (97 bytes)
1646738693.708706 sending message 105 to peer 0x55701c4cb4d0 (185 bytes)
1646738693.708709 sending message 105 to peer 0x55701c4cb4d0 (51 bytes)
1646738693.708713 sending message 105 to peer 0x55701c4cb4d0 (22 bytes)
1646738693.708716 sending message 105 to peer 0x55701c4cb4d0 (20 bytes)
1646738693.708719 sending message 105 to peer 0x55701c4cb4d0 (85 bytes)
1646738693.708723 sending message 105 to peer 0x55701c4cb4d0 (16 bytes)
1646738693.708726 sending message 106 to peer 0x55701c4cb4d0 (0 bytes)
1646738693.708730 sending message 200 to peer 0x55701c4cb4d0 (4 bytes)
1646738693.708733 client loop enter
1646738693.747969 peer 0x55701c4cb4d0 message 207
1646738693.747979 sending message 208 to peer 0x55701c4cb4d0 (0 bytes)
1646738709.912879 sending message 208 to peer 0x55701c4cb4d0 (0 bytes)
1646738741.569538 peer 0x55701c4cb4d0 message 203
1646738741.569546 sending message 205 to peer 0x55701c4cb4d0 (0 bytes)
1646738741.570012 peer 0x55701c4cb4d0 message 204
1646738741.570018 client loop exit
